  Cell.cpp
  Common.hpp
C:\Users\shhristov\source\repos\FMI_OOP_Project_2425_Excel\Excel\Cell.cpp(4,1): error C1004: unexpected end-of-file found
  Config.cpp
  main.cpp
C:\Users\shhristov\source\repos\FMI_OOP_Project_2425_Excel\Excel\Container.hpp(49,36): warning C4267: 'argument': conversion from 'size_t' to 'unsigned int', possible loss of data
  (compiling source file 'main.cpp')
      C:\Users\shhristov\source\repos\FMI_OOP_Project_2425_Excel\Excel\Container.hpp(49,36):
      the template instantiation context (the oldest one first) is
          C:\Users\shhristov\source\repos\FMI_OOP_Project_2425_Excel\Excel\Table.h(13,29):
          see reference to class template instantiation 'Container<Container<Cell>>' being compiled
          C:\Users\shhristov\source\repos\FMI_OOP_Project_2425_Excel\Excel\Container.hpp(44,27):
          while compiling class template member function 'Container<Container<Cell>>::Container(void)'
              C:\Users\shhristov\source\repos\FMI_OOP_Project_2425_Excel\Excel\Table.h(16,47):
              see the first reference to 'Container<Container<Cell>>::Container' in 'Table::Table'
          C:\Users\shhristov\source\repos\FMI_OOP_Project_2425_Excel\Excel\Container.hpp(47,38):
          while compiling class template member function 'Container<Container<Cell>>::Container(size_t)'
  
  Table.cpp
C:\Users\shhristov\source\repos\FMI_OOP_Project_2425_Excel\Excel\Table.cpp(144,13): warning C4267: 'initializing': conversion from 'size_t' to 'int', possible loss of data
C:\Users\shhristov\source\repos\FMI_OOP_Project_2425_Excel\Excel\Table.cpp(172,29): warning C4267: 'initializing': conversion from 'size_t' to 'int', possible loss of data
C:\Users\shhristov\source\repos\FMI_OOP_Project_2425_Excel\Excel\Table.cpp(184,32): warning C4267: 'initializing': conversion from 'size_t' to 'int', possible loss of data
C:\Users\shhristov\source\repos\FMI_OOP_Project_2425_Excel\Excel\Table.cpp(184,25): warning C4267: 'initializing': conversion from 'size_t' to 'const int', possible loss of data
C:\Users\shhristov\source\repos\FMI_OOP_Project_2425_Excel\Excel\Table.cpp(212,22): warning C4267: 'initializing': conversion from 'size_t' to 'char', possible loss of data
C:\Users\shhristov\source\repos\FMI_OOP_Project_2425_Excel\Excel\Container.hpp(49,36): warning C4267: 'argument': conversion from 'size_t' to 'unsigned int', possible loss of data
  (compiling source file 'Table.cpp')
      C:\Users\shhristov\source\repos\FMI_OOP_Project_2425_Excel\Excel\Container.hpp(49,36):
      the template instantiation context (the oldest one first) is
          C:\Users\shhristov\source\repos\FMI_OOP_Project_2425_Excel\Excel\Table.cpp(13,36):
          see reference to class template instantiation 'Container<Cell>' being compiled
          C:\Users\shhristov\source\repos\FMI_OOP_Project_2425_Excel\Excel\Container.hpp(44,27):
          while compiling class template member function 'Container<Cell>::Container(void)'
              C:\Users\shhristov\source\repos\FMI_OOP_Project_2425_Excel\Excel\Table.cpp(13,30):
              see the first reference to 'Container<Cell>::Container' in 'Table::Table'
          C:\Users\shhristov\source\repos\FMI_OOP_Project_2425_Excel\Excel\Container.hpp(47,38):
          while compiling class template member function 'Container<Cell>::Container(size_t)'
  
  Generating Code...
